[11May2025 12:11:36.318] [main/INFO] [cpw.mods.modlauncher.Launcher/MODLAUNCHER]: ModLauncher running: args [--launchTarget, neoforgeclientdev, --version, 21.5.24-beta, --assetIndex, 24, --assetsDir, C:\\Users\\kanne\\.mcreator\\gradle\\caches\\neoformruntime\\assets, --fml.fmlVersion, 7.0.10, --fml.mcVersion, 1.21.5, --fml.neoForgeVersion, 21.5.24-beta, --fml.neoFormVersion, 20250325.162830]
[11May2025 12:11:36.321] [main/INFO] [cpw.mods.modlauncher.Launcher/MODLAUNCHER]: JVM identified as Eclipse Adoptium OpenJDK 64-Bit Server VM 21.0.5+11-LTS
[11May2025 12:11:36.321] [main/INFO] [cpw.mods.modlauncher.Launcher/MODLAUNCHER]: ModLauncher 11.0.4+main.d2e20e43 starting: java version 21.0.5 by Eclipse Adoptium; OS Windows 11 arch amd64 version 10.0
[11May2025 12:11:36.427] [main/INFO] [net.neoforged.fml.loading.ImmediateWindowHandler/]: Loading ImmediateWindowProvider fmlearlywindow
[11May2025 12:11:36.680] [main/INFO] [mixin/]: SpongePowered MIXIN Subsystem Version=0.8.7 Source=union:/C:/Users/kanne/.mcreator/gradle/caches/modules-2/files-2.1/net.fabricmc/sponge-mixin/0.15.2+mixin.0.8.7/2af2f021d8e02a0220dc27a7a72b4666d66d44ca/sponge-mixin-0.15.2+mixin.0.8.7.jar%23162!/ Service=ModLauncher Env=CLIENT
[11May2025 12:11:36.875] [pool-2-thread-1/INFO] [EARLYDISPLAY/]: GL info: NVIDIA GeForce RTX 4060 Ti/PCIe/SSE2 GL version 3.2.0 NVIDIA 572.83, NVIDIA Corporation
[11May2025 12:11:37.037] [main/INFO] [net.neoforged.fml.loading.moddiscovery.locators.JarInJarDependencyLocator/]: Found 2 dependencies adding them to mods collection
[11May2025 12:11:37.039] [main/INFO] [net.neoforged.fml.loading.moddiscovery.ModDiscoverer/]: 
     Mod List:
		Name Version (Mod Id)

		Minecraft 1.21.5 (minecraft)
		NeoForge 21.5.24-beta (neoforge)
		Simple Tsunamis 1.0.0 (simple_tsunamis)
[11May2025 12:11:37.655] [main/INFO] [cpw.mods.modlauncher.LaunchServiceHandler/MODLAUNCHER]: Launching target 'neoforgeclientdev' with arguments [--version, 21.5.24-beta, --assetsDir, C:\Users\kanne\.mcreator\gradle\caches\neoformruntime\assets, --assetIndex, 24]
[11May2025 12:11:39.762] [pool-7-thread-1/INFO] [MixinExtras|Service/]: Initializing MixinExtras via com.llamalad7.mixinextras.service.MixinExtrasServiceImpl(version=0.4.1).
[11May2025 12:11:40.125] [Datafixer Bootstrap/INFO] [com.mojang.datafixers.DataFixerBuilder/]: 266 Datafixer optimizations took 978 milliseconds
[11May2025 12:11:44.012] [main/WARN] [net.minecraft.commands.Commands/]: Ambiguity between arguments [teleport, location] and [teleport, destination] with inputs: [0.1 -0.5 .9, 0 0 0]
[11May2025 12:11:44.013] [main/WARN] [net.minecraft.commands.Commands/]: Ambiguity between arguments [teleport, location] and [teleport, targets] with inputs: [0.1 -0.5 .9, 0 0 0]
[11May2025 12:11:44.015] [main/WARN] [net.minecraft.commands.Commands/]: Ambiguity between arguments [teleport, destination] and [teleport, targets] with inputs: [Player, 0123, @e, dd12be42-52a9-4a91-a8a1-11c01849e498]
[11May2025 12:11:44.015] [main/WARN] [net.minecraft.commands.Commands/]: Ambiguity between arguments [teleport, targets] and [teleport, destination] with inputs: [Player, 0123, dd12be42-52a9-4a91-a8a1-11c01849e498]
[11May2025 12:11:44.016] [main/WARN] [net.minecraft.commands.Commands/]: Ambiguity between arguments [teleport, targets, location] and [teleport, targets, destination] with inputs: [0.1 -0.5 .9, 0 0 0]
[11May2025 12:11:44.094] [modloading-worker-0/INFO] [net.neoforged.neoforge.common.NeoForgeMod/NEOFORGE-MOD]: NeoForge mod loading, version 21.5.24-beta, for MC 1.21.5
[11May2025 12:11:44.514] [Render thread/WARN] [net.minecraft.server.packs.VanillaPackResourcesBuilder/]: Assets URL 'union:/C:/Users/kanne/MCreatorWorkspaces/simple_tsunamis/build/moddev/artifacts/neoforge-21.5.24-beta.jar%23215!/assets/.mcassetsroot' uses unexpected schema
[11May2025 12:11:44.515] [Render thread/WARN] [net.minecraft.server.packs.VanillaPackResourcesBuilder/]: Assets URL 'union:/C:/Users/kanne/MCreatorWorkspaces/simple_tsunamis/build/moddev/artifacts/neoforge-21.5.24-beta.jar%23215!/data/.mcassetsroot' uses unexpected schema
[11May2025 12:11:44.543] [Render thread/INFO] [com.mojang.authlib.yggdrasil.YggdrasilAuthenticationService/]: Environment: Environment[sessionHost=https://sessionserver.mojang.com, servicesHost=https://api.minecraftservices.com, name=PROD]
[11May2025 12:11:44.551] [Render thread/INFO] [net.minecraft.client.Minecraft/]: Setting user: Dev
[11May2025 12:11:44.697] [Render thread/INFO] [net.minecraft.client.Minecraft/]: Backend library: LWJGL version 3.3.3+5
[11May2025 12:11:44.782] [Render thread/INFO] [net.minecraft.client.Minecraft/]: Using optional rendering extensions: GL_KHR_debug, GL_ARB_vertex_attrib_binding, GL_ARB_direct_state_access
[11May2025 12:11:45.339] [Render thread/INFO] [net.minecraft.server.packs.resources.ReloadableResourceManager/]: Reloading ResourceManager: vanilla, mod_resources, mod/neoforge, mod/simple_tsunamis
[11May2025 12:11:45.484] [resourceLoad/INFO] [net.minecraft.client.gui.font.providers.UnihexProvider/]: Found unifont_all_no_pua-16.0.01.hex, loading
[11May2025 12:11:45.484] [resourceLoad/INFO] [net.minecraft.client.gui.font.providers.UnihexProvider/]: Found unifont_jp_patch-16.0.01.hex, loading
[11May2025 12:11:45.505] [Download-1/INFO] [com.mojang.realmsclient.client.RealmsClient/]: Could not authorize you against Realms server: Invalid session id
[11May2025 12:11:45.511] [Download-1/ERROR] [com.mojang.realmsclient.client.RealmsClient/]: Failed to fetch Realms feature flags
com.mojang.realmsclient.exception.RealmsServiceException: Realms authentication error with message 'Invalid session id'
	at TRANSFORMER/minecraft@1.21.5/com.mojang.realmsclient.client.RealmsClient.execute(RealmsClient.java:469) ~[neoforge-21.5.24-beta.jar%23215!/:?]
	at TRANSFORMER/minecraft@1.21.5/com.mojang.realmsclient.client.RealmsClient.fetchFeatureFlags(RealmsClient.java:151) ~[neoforge-21.5.24-beta.jar%23215!/:?]
	at java.base/java.util.concurrent.CompletableFuture$AsyncSupply.run(CompletableFuture.java:1768) ~[?:?]
	at java.base/java.util.concurrent.ThreadPoolExecutor.runWorker(ThreadPoolExecutor.java:1144) ~[?:?]
	at java.base/java.util.concurrent.ThreadPoolExecutor$Worker.run(ThreadPoolExecutor.java:642) ~[?:?]
	at java.base/java.lang.Thread.run(Thread.java:1583) [?:?]
[11May2025 12:11:46.487] [Render thread/WARN] [com.mojang.blaze3d.opengl.GlProgram/]: minecraft:pipeline/entity_translucent_emissive shader program does not use sampler Sampler2 defined in the pipeline. This might be a bug.
[11May2025 12:11:46.548] [Render thread/INFO] [com.mojang.blaze3d.audio.Library/]: OpenAL initialized on device OpenAL Soft on ASUS VG289Q1A (NVIDIA High Definition Audio)
[11May2025 12:11:46.549] [Render thread/INFO] [net.minecraft.client.sounds.SoundEngine/SOUNDS]: Sound engine started
[11May2025 12:11:46.610] [Render thread/INFO] [net.minecraft.client.renderer.texture.TextureAtlas/]: Created: 1024x512x2 minecraft:textures/atlas/blocks.png-atlas
[11May2025 12:11:46.617] [Render thread/INFO] [net.minecraft.client.renderer.texture.TextureAtlas/]: Created: 256x256x2 minecraft:textures/atlas/signs.png-atlas
[11May2025 12:11:46.617] [Render thread/INFO] [net.minecraft.client.renderer.texture.TextureAtlas/]: Created: 512x512x2 minecraft:textures/atlas/shield_patterns.png-atlas
[11May2025 12:11:46.617] [Render thread/INFO] [net.minecraft.client.renderer.texture.TextureAtlas/]: Created: 512x512x2 minecraft:textures/atlas/banner_patterns.png-atlas
[11May2025 12:11:46.618] [Render thread/INFO] [net.minecraft.client.renderer.texture.TextureAtlas/]: Created: 2048x1024x2 minecraft:textures/atlas/armor_trims.png-atlas
[11May2025 12:11:46.619] [Render thread/INFO] [net.minecraft.client.renderer.texture.TextureAtlas/]: Created: 256x256x2 minecraft:textures/atlas/chest.png-atlas
[11May2025 12:11:46.621] [Render thread/INFO] [net.minecraft.client.renderer.texture.TextureAtlas/]: Created: 128x64x2 minecraft:textures/atlas/decorated_pot.png-atlas
[11May2025 12:11:46.622] [Render thread/INFO] [net.minecraft.client.renderer.texture.TextureAtlas/]: Created: 512x256x2 minecraft:textures/atlas/shulker_boxes.png-atlas
[11May2025 12:11:46.622] [Render thread/INFO] [net.minecraft.client.renderer.texture.TextureAtlas/]: Created: 512x256x2 minecraft:textures/atlas/beds.png-atlas
[11May2025 12:11:46.624] [Render thread/INFO] [net.minecraft.client.renderer.texture.TextureAtlas/]: Created: 64x64x0 minecraft:textures/atlas/map_decorations.png-atlas
[11May2025 12:11:46.836] [Render thread/INFO] [net.minecraft.client.renderer.texture.TextureAtlas/]: Created: 512x256x0 minecraft:textures/atlas/particles.png-atlas
[11May2025 12:11:46.837] [Render thread/INFO] [net.minecraft.client.renderer.texture.TextureAtlas/]: Created: 512x256x0 minecraft:textures/atlas/paintings.png-atlas
[11May2025 12:11:46.837] [Render thread/INFO] [net.minecraft.client.renderer.texture.TextureAtlas/]: Created: 256x128x0 minecraft:textures/atlas/mob_effects.png-atlas
[11May2025 12:11:46.837] [Render thread/INFO] [net.minecraft.client.renderer.texture.TextureAtlas/]: Created: 1024x512x0 minecraft:textures/atlas/gui.png-atlas
[11May2025 12:11:46.839] [Render thread/INFO] [net.neoforged.neoforge.client.entity.animation.json.AnimationLoader/]: Loaded 0 entity animations
[11May2025 12:11:50.364] [Render thread/WARN] [net.minecraft.server.MinecraftServer/]: Missing data pack tests
[11May2025 12:11:51.270] [Render thread/INFO] [net.minecraft.world.item.crafting.RecipeManager/]: Loaded 1373 recipes
[11May2025 12:11:51.286] [Render thread/INFO] [net.minecraft.advancements.AdvancementTree/]: Loaded 1484 advancements
[11May2025 12:11:51.291] [Render thread/INFO] [net.neoforged.neoforge.common.crafting.RecipePriorityManager/]: Loaded 0 recipe priority overrides
[11May2025 12:11:53.072] [Server thread/INFO] [net.minecraft.client.server.IntegratedServer/]: Starting integrated minecraft server version 1.21.5
[11May2025 12:11:53.072] [Server thread/INFO] [net.minecraft.server.MinecraftServer/]: Generating keypair
[11May2025 12:11:54.936] [Server thread/INFO] [net.minecraft.server.MinecraftServer/]: Preparing start region for dimension minecraft:overworld
[11May2025 12:11:55.234] [progressListener/INFO] [net.minecraft.server.level.progress.LoggerChunkProgressListener/]: Preparing spawn area: 2%
[11May2025 12:11:55.455] [progressListener/INFO] [net.minecraft.server.level.progress.LoggerChunkProgressListener/]: Preparing spawn area: 2%
[11May2025 12:11:55.960] [progressListener/INFO] [net.minecraft.server.level.progress.LoggerChunkProgressListener/]: Preparing spawn area: 18%
[11May2025 12:11:56.450] [progressListener/INFO] [net.minecraft.server.level.progress.LoggerChunkProgressListener/]: Preparing spawn area: 51%
[11May2025 12:11:56.771] [Server thread/INFO] [net.neoforged.neoforge.server.permission.PermissionAPI/]: Successfully initialized permission handler neoforge:default_handler
[11May2025 12:11:56.776] [progressListener/INFO] [net.minecraft.server.level.progress.LoggerChunkProgressListener/]: Time elapsed: 1831 ms
[11May2025 12:11:56.802] [Server thread/INFO] [net.minecraft.client.server.IntegratedServer/]: Changing view distance to 12, from 10
[11May2025 12:11:56.802] [Server thread/INFO] [net.minecraft.client.server.IntegratedServer/]: Changing simulation distance to 12, from 0
[11May2025 12:11:57.874] [Server thread/INFO] [net.minecraft.server.players.PlayerList/]: Dev[local:E:37e6d58d] logged in with entity id 9 at (-1.5, 94.0, 8.5)
[11May2025 12:11:57.928] [Server thread/INFO] [net.minecraft.server.MinecraftServer/]: Dev joined the game
[11May2025 12:11:58.068] [Render thread/INFO] [net.minecraft.advancements.AdvancementTree/]: Loaded 2 advancements
[11May2025 12:12:18.538] [Render thread/INFO] [net.minecraft.advancements.AdvancementTree/]: Loaded 12 advancements
[11May2025 12:12:49.354] [Server thread/WARN] [net.minecraft.server.MinecraftServer/]: Can't keep up! Is the server overloaded? Running 3480ms or 69 ticks behind
[11May2025 12:13:55.108] [Server thread/INFO] [net.minecraft.server.MinecraftServer/]: [Dev: Set the target tick rate to 200.0 per second]
[11May2025 12:13:55.113] [Render thread/INFO] [net.minecraft.client.gui.components.ChatComponent/]: [System] [CHAT] Set the target tick rate to 200.0 per second
[11May2025 12:14:27.925] [Server thread/INFO] [net.minecraft.server.MinecraftServer/]: [Dev: Set the target tick rate to 1.0 per second]
[11May2025 12:14:27.926] [Render thread/INFO] [net.minecraft.client.gui.components.ChatComponent/]: [System] [CHAT] Set the target tick rate to 1.0 per second
[11May2025 12:15:04.145] [Server thread/INFO] [net.minecraft.server.MinecraftServer/]: [Dev: Set the target tick rate to 20.0 per second]
[11May2025 12:15:04.147] [Render thread/INFO] [net.minecraft.client.gui.components.ChatComponent/]: [System] [CHAT] Set the target tick rate to 20.0 per second
[11May2025 12:15:04.148] [Server thread/INFO] [net.minecraft.server.MinecraftServer/]: [Dev: Set the target tick rate to 20.0 per second]
[11May2025 12:15:04.155] [Render thread/INFO] [net.minecraft.client.gui.components.ChatComponent/]: [System] [CHAT] Set the target tick rate to 20.0 per second
[11May2025 12:15:37.442] [Server thread/INFO] [net.minecraft.server.MinecraftServer/]: [Dev: Set the target tick rate to 200.0 per second]
[11May2025 12:15:37.443] [Render thread/INFO] [net.minecraft.client.gui.components.ChatComponent/]: [System] [CHAT] Set the target tick rate to 200.0 per second
[11May2025 12:15:37.472] [Server thread/INFO] [net.minecraft.server.commands.LocateCommand/]: Locating element minecraft:badlands took 6 ms
[11May2025 12:15:37.475] [Render thread/INFO] [net.minecraft.client.gui.components.ChatComponent/]: [System] [CHAT] The nearest minecraft:badlands is at [97, 78, -66] (32 blocks away)
[11May2025 12:15:37.490] [Server thread/WARN] [net.minecraft.server.MinecraftServer/]: Can't keep up! Is the server overloaded? Running 156061ms or 31212 ticks behind
[11May2025 12:15:50.837] [Render thread/INFO] [net.minecraft.client.Minecraft/]: Stopping!
[11May2025 12:16:02.024] [Server thread/INFO] [net.minecraft.server.network.ServerGamePacketListenerImpl/]: Dev lost connection: Disconnected
[11May2025 12:16:02.025] [Server thread/INFO] [net.minecraft.server.MinecraftServer/]: Dev left the game
[11May2025 12:16:02.045] [Server thread/INFO] [net.minecraft.server.network.ServerCommonPacketListenerImpl/]: Stopping singleplayer server as player logged out
[11May2025 12:16:02.254] [Server thread/INFO] [net.minecraft.server.commands.LocateCommand/]: Locating element minecraft:sunflower_plains took 197 ms
[11May2025 12:16:02.254] [Server thread/INFO] [net.minecraft.server.MinecraftServer/]: Stopping server
[11May2025 12:16:02.255] [Server thread/INFO] [net.minecraft.server.MinecraftServer/]: Saving players
[11May2025 12:16:02.255] [Server thread/INFO] [net.minecraft.server.MinecraftServer/]: Saving worlds
[11May2025 12:16:03.357] [Server thread/INFO] [net.minecraft.server.MinecraftServer/]: Saving chunks for level 'ServerLevel[New World]'/minecraft:overworld
[11May2025 12:16:03.747] [Server thread/INFO] [net.minecraft.server.MinecraftServer/]: Saving chunks for level 'ServerLevel[New World]'/minecraft:the_end
[11May2025 12:16:03.754] [Server thread/INFO] [net.minecraft.server.MinecraftServer/]: Saving chunks for level 'ServerLevel[New World]'/minecraft:the_nether
[11May2025 12:16:03.768] [Server thread/INFO] [net.minecraft.server.MinecraftServer/]: ThreadedAnvilChunkStorage (New World (7)): All chunks are saved
[11May2025 12:16:03.768] [Server thread/INFO] [net.minecraft.server.MinecraftServer/]: ThreadedAnvilChunkStorage (DIM1): All chunks are saved
[11May2025 12:16:03.768] [Server thread/INFO] [net.minecraft.server.MinecraftServer/]: ThreadedAnvilChunkStorage (DIM-1): All chunks are saved
[11May2025 12:16:03.768] [Server thread/INFO] [net.minecraft.server.MinecraftServer/]: ThreadedAnvilChunkStorage: All dimensions are saved
